<?xml version="1.0" encoding="UTF-8"?>
<testsuite xmlns:xsi="http://www.w3.org/2001/XMLSchema-instance" xsi:noNamespaceSchemaLocation="https://maven.apache.org/surefire/maven-surefire-plugin/xsd/surefire-test-report-3.0.xsd" version="3.0" name="com.cg.eurekaserver.EurekaServerApplicationTests" time="14.816" tests="1" errors="0" skipped="0" failures="0">
  <properties>
[...]
</properties>
  <testcase name="contextLoads" classname="com.cg.eurekaserver.EurekaServerApplicationTests" time="2.579">
    <system-out><![CDATA[15:27:38.486 [main] INFO org.springframework.test.context.support.AnnotationConfigContextLoaderUtils -- Could not detect default configuration classes for test class [com.cg.eurekaserver.EurekaServerApplicationTests]: EurekaServerApplicationTests does not declare any static, non-private, non-final, nested classes annotated with @Configuration.
15:27:38.773 [main] INFO org.springframework.boot.test.context.SpringBootTestContextBootstrapper -- Found @SpringBootConfiguration com.cg.eurekaserver.EurekaServerApplication for test class com.cg.eurekaserver.EurekaServerApplicationTests

  .   ____          _            __ _ _
 /\\ / ___'_ __ _ _(_)_ __  __ _ \ \ \ \
( ( )\___ | '_ | '_| | '_ \/ _` | \ \ \ \
 \\/  ___)| |_)| | | | | || (_| |  ) ) ) )
  '  |____| .__|_| |_|_| |_\__, | / / / /
 =========|_|==============|___/=/_/_/_/
 :: Spring Boot ::                (v3.1.4)

2023-09-25T15:27:40.760+05:30  INFO 20576 --- [           main] c.c.e.EurekaServerApplicationTests       : Starting EurekaServerApplicationTests using Java 17.0.7 with PID 20576 (started by rchauras in C:\Users\RCHAURAS\Documents\practice\eureka-server)
2023-09-25T15:27:40.765+05:30  INFO 20576 --- [           main] c.c.e.EurekaServerApplicationTests       : No active profile set, falling back to 1 default profile: "default"
2023-09-25T15:27:44.034+05:30  INFO 20576 --- [           main] o.s.cloud.context.scope.GenericScope     : BeanFactory id=8fc12d22-c517-3fba-8e0c-6d20246eb917
2023-09-25T15:27:47.757+05:30  WARN 20576 --- [           main] iguration$LoadBalancerCaffeineWarnLogger : Spring Cloud LoadBalancer is currently working with the default cache. While this cache implementation is useful for development and tests, it's recommended to use Caffeine cache in production.You can switch to using Caffeine cache, by adding it and org.springframework.cache.caffeine.CaffeineCacheManager to the classpath.
2023-09-25T15:27:48.272+05:30  INFO 20576 --- [           main] o.s.c.n.eureka.InstanceInfoFactory       : Setting initial instance status as: STARTING
2023-09-25T15:27:48.380+05:30  INFO 20576 --- [           main] com.netflix.discovery.DiscoveryClient    : Initializing Eureka in region us-east-1
2023-09-25T15:27:48.384+05:30  INFO 20576 --- [           main] com.netflix.discovery.DiscoveryClient    : Client configured to neither register nor query for data.
2023-09-25T15:27:48.416+05:30  INFO 20576 --- [           main] com.netflix.discovery.DiscoveryClient    : Discovery Client initialized at timestamp 1695635868414 with initial instances count: 0
2023-09-25T15:27:48.557+05:30  INFO 20576 --- [           main] c.n.eureka.DefaultEurekaServerContext    : Initializing ...
2023-09-25T15:27:48.563+05:30  INFO 20576 --- [           main] c.n.eureka.cluster.PeerEurekaNodes       : Adding new peer nodes [http://localhost:8761/eureka/]
2023-09-25T15:27:49.144+05:30  INFO 20576 --- [           main] c.n.d.provider.DiscoveryJerseyProvider   : Using JSON encoding codec LegacyJacksonJson
2023-09-25T15:27:49.145+05:30  INFO 20576 --- [           main] c.n.d.provider.DiscoveryJerseyProvider   : Using JSON decoding codec LegacyJacksonJson
2023-09-25T15:27:49.145+05:30  INFO 20576 --- [           main] c.n.d.provider.DiscoveryJerseyProvider   : Using XML encoding codec XStreamXml
2023-09-25T15:27:49.145+05:30  INFO 20576 --- [           main] c.n.d.provider.DiscoveryJerseyProvider   : Using XML decoding codec XStreamXml
2023-09-25T15:27:49.490+05:30  INFO 20576 --- [           main] c.n.eureka.cluster.PeerEurekaNodes       : Replica node URL:  http://localhost:8761/eureka/
2023-09-25T15:27:49.510+05:30  INFO 20576 --- [           main] c.n.e.registry.AbstractInstanceRegistry  : Finished initializing remote region registries. All known remote regions: []
2023-09-25T15:27:49.512+05:30  INFO 20576 --- [           main] c.n.eureka.DefaultEurekaServerContext    : Initialized
2023-09-25T15:27:49.962+05:30  INFO 20576 --- [           main] o.s.b.a.e.web.EndpointLinksResolver      : Exposing 1 endpoint(s) beneath base path '/actuator'
2023-09-25T15:27:50.065+05:30  INFO 20576 --- [           main] o.s.c.n.e.s.EurekaServiceRegistry        : Registering application UNKNOWN with eureka with status UP
2023-09-25T15:27:50.098+05:30  INFO 20576 --- [      Thread-10] o.s.c.n.e.server.EurekaServerBootstrap   : isAws returned false
2023-09-25T15:27:50.100+05:30  INFO 20576 --- [      Thread-10] o.s.c.n.e.server.EurekaServerBootstrap   : Initialized server context
2023-09-25T15:27:50.100+05:30  INFO 20576 --- [      Thread-10] c.n.e.r.PeerAwareInstanceRegistryImpl    : Got 1 instances from neighboring DS node
2023-09-25T15:27:50.101+05:30  INFO 20576 --- [      Thread-10] c.n.e.r.PeerAwareInstanceRegistryImpl    : Renew threshold is: 1
2023-09-25T15:27:50.102+05:30  INFO 20576 --- [      Thread-10] c.n.e.r.PeerAwareInstanceRegistryImpl    : Changing status to UP
2023-09-25T15:27:50.102+05:30  INFO 20576 --- [           main] c.c.e.EurekaServerApplicationTests       : Started EurekaServerApplicationTests in 10.815 seconds (process running for 14.241)
2023-09-25T15:27:50.133+05:30  INFO 20576 --- [      Thread-10] e.s.EurekaServerInitializerConfiguration : Started Eureka Server
]]></system-out>
  </testcase>
</testsuite>